2024-07-01T22:42:00.640Z error: Error: ENOENT: no such file or directory, stat 'C:\shenkar\dev43\first_submition\server\data\homeGraph.json'
2024-07-01T22:42:01.048Z info: Fetched limited items
2024-07-02T13:01:00.381Z info: Fetched limited items
2024-07-02T13:01:01.199Z info: Fetched limited items
2024-07-02T13:02:49.879Z info: Fetched limited items
2024-07-02T13:02:51.421Z info: Fetched limited items
2024-07-02T13:02:53.195Z info: Fetched limited items
2024-07-02T13:02:55.537Z info: Fetched limited items
2024-07-02T13:02:57.145Z info: Fetched all items
2024-07-02T13:03:00.459Z info: Fetched item: Notebook
2024-07-02T13:03:02.387Z info: Fetched items for user 1
2024-07-02T13:03:05.189Z info: Fetched limited items
2024-07-02T13:03:30.756Z info: Image uploaded: http://localhost:3000/uploads/1719925410748-androidphones-2048px-0803.jpg
2024-07-02T13:03:30.769Z info: Adding new item: {"itemName":"phone","locationLost":"city","lostDate":"2024-07-10","timeLost":"16:06","category":"Electronics","color":"white","description":"qw asd ","contactEmail":"signutre.31@gmail.com","contactPhone":"124124124124","status":"Lost","imageUrl":"http://localhost:3000/uploads/1719925410748-androidphones-2048px-0803.jpg","userId":1}
2024-07-02T13:03:31.186Z info: Item added with ID: 98
2024-07-02T13:03:32.642Z info: Fetched all items
2024-07-02T13:03:34.452Z info: Fetched item: phone
2024-07-02T13:03:38.824Z info: Fetched items for user 1
2024-07-02T13:03:42.729Z info: Image file deleted successfully
2024-07-02T13:03:44.169Z info: Fetched items for user 1
2024-07-02T13:03:45.136Z info: Fetched limited items
2024-07-02T13:27:07.961Z info: Fetched limited items
2024-07-02T13:38:03.214Z info: Fetched limited items
